[debug] [2022-11-27T16:01:54.606Z] ----------------------------------------------------------------------
[debug] [2022-11-27T16:01:54.609Z] Command:       C:\Program Files\nodejs\node.exe C:\Users\MD SUZAYET HOSSAN\AppData\Roaming\npm\node_modules\firebase-tools\lib\bin\firebase.js deploy
[debug] [2022-11-27T16:01:54.610Z] CLI Version:   11.14.4
[debug] [2022-11-27T16:01:54.610Z] Platform:      win32
[debug] [2022-11-27T16:01:54.610Z] Node Version:  v16.17.0
[debug] [2022-11-27T16:01:54.616Z] Time:          Sun Nov 27 2022 22:01:54 GMT+0600 (Bangladesh Standard Time)
[debug] [2022-11-27T16:01:54.616Z] ----------------------------------------------------------------------
[debug] 
[debug] [2022-11-27T16:01:54.713Z] > command requires scopes: ["email","openid","https://www.googleapis.com/auth/cloudplatformprojects.readonly","https://www.googleapis.com/auth/firebase","https://www.googleapis.com/auth/cloud-platform"]
[debug] [2022-11-27T16:01:54.713Z] > authorizing via signed-in user (md.suzayet.377@gmail.com)
[debug] [2022-11-27T16:01:54.714Z] [iam] checking project resale-store-6001b for permissions ["firebase.projects.get","firebasehosting.sites.update"]
[debug] [2022-11-27T16:01:54.716Z] > refreshing access token with scopes: []
[debug] [2022-11-27T16:01:54.718Z] >>> [apiv2][query] POST https://www.googleapis.com/oauth2/v3/token [none]
[debug] [2022-11-27T16:01:54.718Z] >>> [apiv2][body] POST https://www.googleapis.com/oauth2/v3/token [omitted]
[debug] [2022-11-27T16:01:55.919Z] <<< [apiv2][status] POST https://www.googleapis.com/oauth2/v3/token 200
[debug] [2022-11-27T16:01:55.920Z] <<< [apiv2][body] POST https://www.googleapis.com/oauth2/v3/token [omitted]
[debug] [2022-11-27T16:01:55.937Z] >>> [apiv2][query] POST https://cloudresourcemanager.googleapis.com/v1/projects/resale-store-6001b:testIamPermissions [none]
[debug] [2022-11-27T16:01:55.937Z] >>> [apiv2][(partial)header] POST https://cloudresourcemanager.googleapis.com/v1/projects/resale-store-6001b:testIamPermissions x-goog-quota-user=projects/resale-store-6001b
[debug] [2022-11-27T16:01:55.938Z] >>> [apiv2][body] POST https://cloudresourcemanager.googleapis.com/v1/projects/resale-store-6001b:testIamPermissions {"permissions":["firebase.projects.get","firebasehosting.sites.update"]}
[debug] [2022-11-27T16:01:58.367Z] <<< [apiv2][status] POST https://cloudresourcemanager.googleapis.com/v1/projects/resale-store-6001b:testIamPermissions 200
[debug] [2022-11-27T16:01:58.367Z] <<< [apiv2][body] POST https://cloudresourcemanager.googleapis.com/v1/projects/resale-store-6001b:testIamPermissions {"permissions":["firebase.projects.get","firebasehosting.sites.update"]}
[debug] [2022-11-27T16:01:58.369Z] >>> [apiv2][query] GET https://firebase.googleapis.com/v1beta1/projects/resale-store-6001b [none]
[debug] [2022-11-27T16:02:00.207Z] <<< [apiv2][status] GET https://firebase.googleapis.com/v1beta1/projects/resale-store-6001b 200
[debug] [2022-11-27T16:02:00.207Z] <<< [apiv2][body] GET https://firebase.googleapis.com/v1beta1/projects/resale-store-6001b {"projectId":"resale-store-6001b","projectNumber":"16306946391","displayName":"Resale-store","name":"projects/resale-store-6001b","resources":{"hostingSite":"resale-store-6001b"},"state":"ACTIVE","etag":"1_382b6172-4454-40e3-bca7-0c0666982f35"}
[info] 
[info] === Deploying to 'resale-store-6001b'...
[info] 
[info] i  deploying hosting 
[debug] [2022-11-27T16:02:00.214Z] >>> [apiv2][query] POST https://firebasehosting.googleapis.com/v1beta1/projects/-/sites/resale-store-6001b/versions [none]
[debug] [2022-11-27T16:02:00.214Z] >>> [apiv2][body] POST https://firebasehosting.googleapis.com/v1beta1/projects/-/sites/resale-store-6001b/versions {"status":"CREATED","labels":{"deployment-tool":"cli-firebase"}}
[debug] [2022-11-27T16:02:05.294Z] <<< [apiv2][status] POST https://firebasehosting.googleapis.com/v1beta1/projects/-/sites/resale-store-6001b/versions 200
[debug] [2022-11-27T16:02:05.294Z] <<< [apiv2][body] POST https://firebasehosting.googleapis.com/v1beta1/projects/-/sites/resale-store-6001b/versions {"name":"projects/16306946391/sites/resale-store-6001b/versions/5dfe51027f99b0e3","status":"CREATED","config":{},"labels":{"deployment-tool":"cli-firebase"}}
[info] i  hosting[resale-store-6001b]: beginning deploy... 
[info] i  hosting[resale-store-6001b]: found 14 files in build 
[debug] [2022-11-27T16:02:05.318Z] [hosting] uploading with 200 concurrency
[debug] [2022-11-27T16:02:05.615Z] [hosting] hash cache [YnVpbGQ] stored for 14 files
[debug] [2022-11-27T16:02:05.615Z] [hosting][hash queue][FINAL] {"max":285,"min":2,"avg":28.857142857142858,"active":0,"complete":14,"success":14,"errored":0,"retried":0,"total":14,"elapsed":293}
[debug] [2022-11-27T16:02:05.616Z] >>> [apiv2][query] POST https://firebasehosting.googleapis.com/v1beta1/projects/16306946391/sites/resale-store-6001b/versions/5dfe51027f99b0e3:populateFiles [none]
[debug] [2022-11-27T16:02:05.616Z] >>> [apiv2][body] POST https://firebasehosting.googleapis.com/v1beta1/projects/16306946391/sites/resale-store-6001b/versions/5dfe51027f99b0e3:populateFiles {"files":{"/favicon.ico":"555ba38e41c435203b9e6439ad036283d734e8f1941c3042ac98f4063b00bb04","/logo192.png":"3ee59515172ee198f3be375979df15ac5345183e656720a381b8872b2a39dc8b","/logo512.png":"ee7e2f3fdb8209c4b6fd7bef6ba50d1b9dba30a25bb5c3126df057e1cb6f5331","/manifest.json":"aff3449bdc238776f5d6d967f19ec491b36aed5fb7f23ccff6500736fd58494a","/robots.txt":"bfe106a3fb878dc83461c86818bf74fc1bdc7f28538ba613cd3e775516ce8b49","/asset-manifest.json":"02ea8b0d1b41b7cfcaa54527eee8a9b293dbe0c1cbae4bbfdc6d56274aa0f71f","/index.html":"c7d80b112da01974e00684aa08421fd46ba0d546d5844bc9d5b926b4f445eabc","/static/js/787.104c50f8.chunk.js":"254dd6dcdaede6c85efc77c93f1fa21053c6df1c625ba53e309c843e89b50978","/static/js/787.104c50f8.chunk.js.map":"a1d237f0b08bd3a847043a3b015b86868a8a1a732235a0cf755641226ce8c0ee","/static/js/main.761eb68e.js.LICENSE.txt":"f621b4e7f4e61953028a8d52b85cfaaac237bfffcb40034341de36786ecc3b16","/static/css/main.a628a376.css":"619ca6d7088b379644ddc435ca951649d811aff25b1fa9818436a2b2c472ef3e","/static/css/main.a628a376.css.map":"95105d79e68346281d2bc6171bef674e9b852e1b8d639bc5a76f4fa4de189ee9","/static/js/main.761eb68e.js":"89258ca3d5ba2d1b4b302ec12b40da52cb9ed5af9e3dc998d5656de0eac43702","/static/js/main.761eb68e.js.map":"896fd67169f13e45f9c06867a4251663afe39df04dd6d52e8ef5fbbec9c52ed4"}}
[debug] [2022-11-27T16:02:07.060Z] <<< [apiv2][status] POST https://firebasehosting.googleapis.com/v1beta1/projects/16306946391/sites/resale-store-6001b/versions/5dfe51027f99b0e3:populateFiles 200
[debug] [2022-11-27T16:02:07.060Z] <<< [apiv2][body] POST https://firebasehosting.googleapis.com/v1beta1/projects/16306946391/sites/resale-store-6001b/versions/5dfe51027f99b0e3:populateFiles {"uploadRequiredHashes":["619ca6d7088b379644ddc435ca951649d811aff25b1fa9818436a2b2c472ef3e","95105d79e68346281d2bc6171bef674e9b852e1b8d639bc5a76f4fa4de189ee9","02ea8b0d1b41b7cfcaa54527eee8a9b293dbe0c1cbae4bbfdc6d56274aa0f71f","c7d80b112da01974e00684aa08421fd46ba0d546d5844bc9d5b926b4f445eabc","89258ca3d5ba2d1b4b302ec12b40da52cb9ed5af9e3dc998d5656de0eac43702","896fd67169f13e45f9c06867a4251663afe39df04dd6d52e8ef5fbbec9c52ed4"],"uploadUrl":"https://upload-firebasehosting.googleapis.com/upload/sites/resale-store-6001b/versions/5dfe51027f99b0e3/files"}
[debug] [2022-11-27T16:02:07.063Z] >>> [apiv2][query] POST https://upload-firebasehosting.googleapis.com/upload/sites/resale-store-6001b/versions/5dfe51027f99b0e3/files/619ca6d7088b379644ddc435ca951649d811aff25b1fa9818436a2b2c472ef3e [none]
[debug] [2022-11-27T16:02:07.064Z] >>> [apiv2][body] POST https://upload-firebasehosting.googleapis.com/upload/sites/resale-store-6001b/versions/5dfe51027f99b0e3/files/619ca6d7088b379644ddc435ca951649d811aff25b1fa9818436a2b2c472ef3e [stream]
[debug] [2022-11-27T16:02:07.065Z] >>> [apiv2][query] POST https://upload-firebasehosting.googleapis.com/upload/sites/resale-store-6001b/versions/5dfe51027f99b0e3/files/95105d79e68346281d2bc6171bef674e9b852e1b8d639bc5a76f4fa4de189ee9 [none]
[debug] [2022-11-27T16:02:07.065Z] >>> [apiv2][body] POST https://upload-firebasehosting.googleapis.com/upload/sites/resale-store-6001b/versions/5dfe51027f99b0e3/files/95105d79e68346281d2bc6171bef674e9b852e1b8d639bc5a76f4fa4de189ee9 [stream]
[debug] [2022-11-27T16:02:07.067Z] >>> [apiv2][query] POST https://upload-firebasehosting.googleapis.com/upload/sites/resale-store-6001b/versions/5dfe51027f99b0e3/files/02ea8b0d1b41b7cfcaa54527eee8a9b293dbe0c1cbae4bbfdc6d56274aa0f71f [none]
[debug] [2022-11-27T16:02:07.067Z] >>> [apiv2][body] POST https://upload-firebasehosting.googleapis.com/upload/sites/resale-store-6001b/versions/5dfe51027f99b0e3/files/02ea8b0d1b41b7cfcaa54527eee8a9b293dbe0c1cbae4bbfdc6d56274aa0f71f [stream]
[debug] [2022-11-27T16:02:07.068Z] >>> [apiv2][query] POST https://upload-firebasehosting.googleapis.com/upload/sites/resale-store-6001b/versions/5dfe51027f99b0e3/files/c7d80b112da01974e00684aa08421fd46ba0d546d5844bc9d5b926b4f445eabc [none]
[debug] [2022-11-27T16:02:07.068Z] >>> [apiv2][body] POST https://upload-firebasehosting.googleapis.com/upload/sites/resale-store-6001b/versions/5dfe51027f99b0e3/files/c7d80b112da01974e00684aa08421fd46ba0d546d5844bc9d5b926b4f445eabc [stream]
[debug] [2022-11-27T16:02:07.069Z] >>> [apiv2][query] POST https://upload-firebasehosting.googleapis.com/upload/sites/resale-store-6001b/versions/5dfe51027f99b0e3/files/89258ca3d5ba2d1b4b302ec12b40da52cb9ed5af9e3dc998d5656de0eac43702 [none]
[debug] [2022-11-27T16:02:07.069Z] >>> [apiv2][body] POST https://upload-firebasehosting.googleapis.com/upload/sites/resale-store-6001b/versions/5dfe51027f99b0e3/files/89258ca3d5ba2d1b4b302ec12b40da52cb9ed5af9e3dc998d5656de0eac43702 [stream]
[debug] [2022-11-27T16:02:07.070Z] >>> [apiv2][query] POST https://upload-firebasehosting.googleapis.com/upload/sites/resale-store-6001b/versions/5dfe51027f99b0e3/files/896fd67169f13e45f9c06867a4251663afe39df04dd6d52e8ef5fbbec9c52ed4 [none]
[debug] [2022-11-27T16:02:07.070Z] >>> [apiv2][body] POST https://upload-firebasehosting.googleapis.com/upload/sites/resale-store-6001b/versions/5dfe51027f99b0e3/files/896fd67169f13e45f9c06867a4251663afe39df04dd6d52e8ef5fbbec9c52ed4 [stream]
[debug] [2022-11-27T16:02:07.072Z] [hosting][populate queue][FINAL] {"max":1450,"min":1450,"avg":1450,"active":0,"complete":1,"success":1,"errored":0,"retried":0,"total":1,"elapsed":1459}
[debug] [2022-11-27T16:02:07.072Z] [hosting] uploads queued: 6
[debug] [2022-11-27T16:02:11.400Z] <<< [apiv2][status] POST https://upload-firebasehosting.googleapis.com/upload/sites/resale-store-6001b/versions/5dfe51027f99b0e3/files/c7d80b112da01974e00684aa08421fd46ba0d546d5844bc9d5b926b4f445eabc 200
[debug] [2022-11-27T16:02:11.400Z] <<< [apiv2][body] POST https://upload-firebasehosting.googleapis.com/upload/sites/resale-store-6001b/versions/5dfe51027f99b0e3/files/c7d80b112da01974e00684aa08421fd46ba0d546d5844bc9d5b926b4f445eabc [stream]
[debug] [2022-11-27T16:02:11.401Z] <<< [apiv2][status] POST https://upload-firebasehosting.googleapis.com/upload/sites/resale-store-6001b/versions/5dfe51027f99b0e3/files/02ea8b0d1b41b7cfcaa54527eee8a9b293dbe0c1cbae4bbfdc6d56274aa0f71f 200
[debug] [2022-11-27T16:02:11.402Z] <<< [apiv2][body] POST https://upload-firebasehosting.googleapis.com/upload/sites/resale-store-6001b/versions/5dfe51027f99b0e3/files/02ea8b0d1b41b7cfcaa54527eee8a9b293dbe0c1cbae4bbfdc6d56274aa0f71f [stream]
[debug] [2022-11-27T16:02:11.953Z] <<< [apiv2][status] POST https://upload-firebasehosting.googleapis.com/upload/sites/resale-store-6001b/versions/5dfe51027f99b0e3/files/95105d79e68346281d2bc6171bef674e9b852e1b8d639bc5a76f4fa4de189ee9 200
[debug] [2022-11-27T16:02:11.953Z] <<< [apiv2][body] POST https://upload-firebasehosting.googleapis.com/upload/sites/resale-store-6001b/versions/5dfe51027f99b0e3/files/95105d79e68346281d2bc6171bef674e9b852e1b8d639bc5a76f4fa4de189ee9 [stream]
[debug] [2022-11-27T16:02:19.575Z] <<< [apiv2][status] POST https://upload-firebasehosting.googleapis.com/upload/sites/resale-store-6001b/versions/5dfe51027f99b0e3/files/619ca6d7088b379644ddc435ca951649d811aff25b1fa9818436a2b2c472ef3e 200
[debug] [2022-11-27T16:02:19.576Z] <<< [apiv2][body] POST https://upload-firebasehosting.googleapis.com/upload/sites/resale-store-6001b/versions/5dfe51027f99b0e3/files/619ca6d7088b379644ddc435ca951649d811aff25b1fa9818436a2b2c472ef3e [stream]
[debug] [2022-11-27T16:02:36.137Z] <<< [apiv2][status] POST https://upload-firebasehosting.googleapis.com/upload/sites/resale-store-6001b/versions/5dfe51027f99b0e3/files/89258ca3d5ba2d1b4b302ec12b40da52cb9ed5af9e3dc998d5656de0eac43702 200
[debug] [2022-11-27T16:02:36.137Z] <<< [apiv2][body] POST https://upload-firebasehosting.googleapis.com/upload/sites/resale-store-6001b/versions/5dfe51027f99b0e3/files/89258ca3d5ba2d1b4b302ec12b40da52cb9ed5af9e3dc998d5656de0eac43702 [stream]
[debug] [2022-11-27T16:02:50.139Z] [uploadQueue] Retrying task 896fd67169f13e45f9c06867a4251663afe39df04dd6d52e8ef5fbbec9c52ed4
[debug] [2022-11-27T16:02:50.141Z] >>> [apiv2][query] POST https://upload-firebasehosting.googleapis.com/upload/sites/resale-store-6001b/versions/5dfe51027f99b0e3/files/896fd67169f13e45f9c06867a4251663afe39df04dd6d52e8ef5fbbec9c52ed4 [none]
[debug] [2022-11-27T16:02:50.141Z] >>> [apiv2][body] POST https://upload-firebasehosting.googleapis.com/upload/sites/resale-store-6001b/versions/5dfe51027f99b0e3/files/896fd67169f13e45f9c06867a4251663afe39df04dd6d52e8ef5fbbec9c52ed4 [stream]
[debug] [2022-11-27T16:03:33.635Z] [uploadQueue] Retrying task 896fd67169f13e45f9c06867a4251663afe39df04dd6d52e8ef5fbbec9c52ed4
[debug] [2022-11-27T16:03:33.636Z] >>> [apiv2][query] POST https://upload-firebasehosting.googleapis.com/upload/sites/resale-store-6001b/versions/5dfe51027f99b0e3/files/896fd67169f13e45f9c06867a4251663afe39df04dd6d52e8ef5fbbec9c52ed4 [none]
[debug] [2022-11-27T16:03:33.636Z] >>> [apiv2][body] POST https://upload-firebasehosting.googleapis.com/upload/sites/resale-store-6001b/versions/5dfe51027f99b0e3/files/896fd67169f13e45f9c06867a4251663afe39df04dd6d52e8ef5fbbec9c52ed4 [stream]
[debug] [2022-11-27T16:04:17.904Z] [uploadQueue] Retrying task 896fd67169f13e45f9c06867a4251663afe39df04dd6d52e8ef5fbbec9c52ed4
[debug] [2022-11-27T16:04:17.904Z] >>> [apiv2][query] POST https://upload-firebasehosting.googleapis.com/upload/sites/resale-store-6001b/versions/5dfe51027f99b0e3/files/896fd67169f13e45f9c06867a4251663afe39df04dd6d52e8ef5fbbec9c52ed4 [none]
[debug] [2022-11-27T16:04:17.904Z] >>> [apiv2][body] POST https://upload-firebasehosting.googleapis.com/upload/sites/resale-store-6001b/versions/5dfe51027f99b0e3/files/896fd67169f13e45f9c06867a4251663afe39df04dd6d52e8ef5fbbec9c52ed4 [stream]
[debug] [2022-11-27T16:05:03.776Z] [uploadQueue] Retrying task 896fd67169f13e45f9c06867a4251663afe39df04dd6d52e8ef5fbbec9c52ed4
[debug] [2022-11-27T16:05:03.777Z] >>> [apiv2][query] POST https://upload-firebasehosting.googleapis.com/upload/sites/resale-store-6001b/versions/5dfe51027f99b0e3/files/896fd67169f13e45f9c06867a4251663afe39df04dd6d52e8ef5fbbec9c52ed4 [none]
[debug] [2022-11-27T16:05:03.777Z] >>> [apiv2][body] POST https://upload-firebasehosting.googleapis.com/upload/sites/resale-store-6001b/versions/5dfe51027f99b0e3/files/896fd67169f13e45f9c06867a4251663afe39df04dd6d52e8ef5fbbec9c52ed4 [stream]
[debug] [2022-11-27T16:05:52.859Z] [uploadQueue] Retrying task 896fd67169f13e45f9c06867a4251663afe39df04dd6d52e8ef5fbbec9c52ed4
[debug] [2022-11-27T16:05:52.860Z] >>> [apiv2][query] POST https://upload-firebasehosting.googleapis.com/upload/sites/resale-store-6001b/versions/5dfe51027f99b0e3/files/896fd67169f13e45f9c06867a4251663afe39df04dd6d52e8ef5fbbec9c52ed4 [none]
[debug] [2022-11-27T16:05:52.860Z] >>> [apiv2][body] POST https://upload-firebasehosting.googleapis.com/upload/sites/resale-store-6001b/versions/5dfe51027f99b0e3/files/896fd67169f13e45f9c06867a4251663afe39df04dd6d52e8ef5fbbec9c52ed4 [stream]
[debug] Task 896fd67169f13e45f9c06867a4251663afe39df04dd6d52e8ef5fbbec9c52ed4 failed: retries exhausted after 6 attempts, with error: Timeout reached making request to https://upload-firebasehosting.googleapis.com/upload/sites/resale-store-6001b/versions/5dfe51027f99b0e3/files/896fd67169f13e45f9c06867a4251663afe39df04dd6d52e8ef5fbbec9c52ed4
[debug] [2022-11-27T16:06:35.527Z] [hosting][upload queue][FINAL] {"max":29076,"min":4338,"avg":11032.4,"active":0,"complete":6,"success":5,"errored":1,"retried":5,"total":6,"elapsed":268467}
[debug] [2022-11-27T16:06:40.543Z] Error: Timed out.
    at Timeout._onTimeout (C:\Users\MD SUZAYET HOSSAN\AppData\Roaming\npm\node_modules\firebase-tools\lib\utils.js:253:49)
    at listOnTimeout (node:internal/timers:559:17)
    at processTimers (node:internal/timers:502:7)
[error] 
[error] Error: An unexpected error has occurred.
